<?xml version="1.0" encoding="UTF-8"?>
<!-- Generated by org.testng.reporters.JUnitXMLReporter -->
<testsuite ignored="3" hostname="DESKTOP-380UJ2J" failures="1" tests="1" name="Default test(failed)(failed)" time="0.036" errors="0" timestamp="2023-01-02T00:06:03 IST">
  <testcase classname="testNG_xml_study.Neostox1" name="b" time="0.007">
    <failure type="java.lang.AssertionError" message="null">
      <![CDATA[java.lang.AssertionError: null
at testNG_xml_study.Neostox1.b(Neostox1.java:19)
at java.base/java.util.ArrayList.forEach(ArrayList.java:1511)
... Removed 29 stack frames]]>
    </failure>
  </testcase> <!-- b -->
  <testcase classname="testNG_xml_study.Neostox1" name="d" time="0.0">
    <ignored/>
  </testcase> <!-- d -->
  <testcase classname="testNG_xml_study.Neostox1" name="c" time="0.0">
    <ignored/>
  </testcase> <!-- c -->
  <testcase classname="testNG_xml_study.Neostox1" name="a" time="0.0">
    <ignored/>
  </testcase> <!-- a -->
</testsuite> <!-- Default test(failed)(failed) -->
