<?xml version="1.0" encoding="UTF-8"?>
<testng-results ignored="0" total="1" passed="1" failed="0" skipped="0">
  <reporter-output>
    <line>
      <![CDATA[launching Neostox broeser ]]>
    </line>
  </reporter-output>
  <suite started-at="2023-01-30T16:25:13 IST" name="Default suite" finished-at="2023-01-30T16:25:24 IST" duration-ms="10258">
    <groups>
    </groups>
    <test started-at="2023-01-30T16:25:13 IST" name="Default test" finished-at="2023-01-30T16:25:24 IST" duration-ms="10258">
      <class name="pomClassesUsingDDF.ValidateUserpageNeostoxUSINGtestNG">
        <test-method is-config="true" signature="LaunchBrowser()[pri:0, instance:pomClassesUsingDDF.ValidateUserpageNeostoxUSINGtestNG@534a5a98]" started-at="2023-01-30T16:25:13 IST" name="LaunchBrowser" finished-at="2023-01-30T16:25:16 IST" duration-ms="2272" status="PASS">
          <reporter-output>
            <line>
              <![CDATA[launching Neostox broeser ]]>
            </line>
          </reporter-output>
        </test-method> <!-- LaunchBrowser -->
        <test-method is-config="true" signature="loginToNeostox()[pri:0, instance:pomClassesUsingDDF.ValidateUserpageNeostoxUSINGtestNG@534a5a98]" started-at="2023-01-30T16:25:16 IST" name="loginToNeostox" finished-at="2023-01-30T16:25:23 IST" duration-ms="7106" status="PASS">
          <reporter-output>
          </reporter-output>
        </test-method> <!-- loginToNeostox -->
        <test-method signature="ValidateNeostoxApp()[pri:0, instance:pomClassesUsingDDF.ValidateUserpageNeostoxUSINGtestNG@534a5a98]" started-at="2023-01-30T16:25:23 IST" name="ValidateNeostoxApp" finished-at="2023-01-30T16:25:23 IST" duration-ms="263" status="PASS">
          <reporter-output>
          </reporter-output>
        </test-method> <!-- ValidateNeostoxApp -->
        <test-method is-config="true" signature="logoutFromNeostox()[pri:0, instance:pomClassesUsingDDF.ValidateUserpageNeostoxUSINGtestNG@534a5a98]" started-at="2023-01-30T16:25:23 IST" name="logoutFromNeostox" finished-at="2023-01-30T16:25:23 IST" duration-ms="461" status="PASS">
          <reporter-output>
          </reporter-output>
        </test-method> <!-- logoutFromNeostox -->
        <test-method is-config="true" signature="closeBrowser()[pri:0, instance:pomClassesUsingDDF.ValidateUserpageNeostoxUSINGtestNG@534a5a98]" started-at="2023-01-30T16:25:23 IST" name="closeBrowser" finished-at="2023-01-30T16:25:24 IST" duration-ms="133" status="PASS">
          <reporter-output>
          </reporter-output>
        </test-method> <!-- closeBrowser -->
      </class> <!-- pomClassesUsingDDF.ValidateUserpageNeostoxUSINGtestNG -->
    </test> <!-- Default test -->
  </suite> <!-- Default suite -->
</testng-results>
